{
  "stats": {
    "suites": 1,
    "tests": 5,
    "passes": 5,
    "pending": 0,
    "failures": 0,
    "start": "2025-05-11T17:19:11.742Z",
    "end": "2025-05-11T17:19:15.809Z",
    "duration": 4067,
    "testsRegistered": 5,
    "passPercent": 100,
    "pendingPercent": 0,
    "other": 0,
    "hasOther": false,
    "skipped": 0,
    "hasSkipped": false
  },
  "results": [
    {
      "uuid": "011e1c61-4656-40a7-a6b7-8712e02956b9",
      "title": "",
      "fullFile": "cypress/e2e/view.cy.ts",
      "file": "cypress/e2e/view.cy.ts",
      "beforeHooks": [],
      "afterHooks": [],
      "tests": [],
      "suites": [
        {
          "uuid": "438a417f-45e8-4bf2-a4d4-882dcdc3fa57",
          "title": "Blog Platform",
          "fullFile": "",
          "file": "",
          "beforeHooks": [],
          "afterHooks": [],
          "tests": [
            {
              "title": "renders the form and table container",
              "fullTitle": "Blog Platform renders the form and table container",
              "timedOut": null,
              "duration": 249,
              "state": "passed",
              "speed": "fast",
              "pass": true,
              "fail": false,
              "pending": false,
              "context": null,
              "code": "cy.get('form#blog-form').should('exist');\ncy.get('#table-container').should('exist');\ncy.contains('Create a New Blog');",
              "err": {},
              "uuid": "5d687f2d-4414-4257-b29c-d7fb42fd47b2",
              "parentUUID": "438a417f-45e8-4bf2-a4d4-882dcdc3fa57",
              "isHook": false,
              "skipped": false
            },
            {
              "title": "validates required fields in the form",
              "fullTitle": "Blog Platform validates required fields in the form",
              "timedOut": null,
              "duration": 265,
              "state": "passed",
              "speed": "fast",
              "pass": true,
              "fail": false,
              "pending": false,
              "context": null,
              "code": "cy.get('#form-button').click();\ncy.get('#title:invalid').should('exist');\ncy.get('#description:invalid').should('exist');\ncy.get('#slug:invalid').should('exist');\ncy.get('#creator:invalid').should('exist');",
              "err": {},
              "uuid": "e95b447e-681a-4d74-b26c-1a8d0341ec3b",
              "parentUUID": "438a417f-45e8-4bf2-a4d4-882dcdc3fa57",
              "isHook": false,
              "skipped": false
            },
            {
              "title": "creates a new blog post",
              "fullTitle": "Blog Platform creates a new blog post",
              "timedOut": null,
              "duration": 1742,
              "state": "passed",
              "speed": "fast",
              "pass": true,
              "fail": false,
              "pending": false,
              "context": null,
              "code": "const blog = {\n    title: 'Cypress Test Blog',\n    description: 'This is a blog post created by Cypress.',\n    slug: 'cypress-blog',\n    creator: 'CypressBot',\n};\ncy.get('#title').type(blog.title);\ncy.get('#description').type(blog.description);\ncy.get('#slug').type(blog.slug);\ncy.get('#creator').type(blog.creator);\ncy.get('#form-button').click();\n// Check that the new blog appears in the table\ncy.contains('td', blog.title).should('exist');\ncy.contains('td', blog.description).should('exist');\ncy.contains('td', blog.creator).should('exist');",
              "err": {},
              "uuid": "64a96182-d8cd-498e-b504-f81d133aeece",
              "parentUUID": "438a417f-45e8-4bf2-a4d4-882dcdc3fa57",
              "isHook": false,
              "skipped": false
            },
            {
              "title": "edits an existing blog post",
              "fullTitle": "Blog Platform edits an existing blog post",
              "timedOut": null,
              "duration": 765,
              "state": "passed",
              "speed": "fast",
              "pass": true,
              "fail": false,
              "pending": false,
              "context": null,
              "code": "cy.contains('button', 'Edit').first().click();\ncy.get('#title').clear().type('Updated Blog Title');\ncy.get('#form-button').click();\ncy.contains('td', 'Updated Blog Title').should('exist');",
              "err": {},
              "uuid": "96ba2659-432a-4fe9-903a-867a74bf0d36",
              "parentUUID": "438a417f-45e8-4bf2-a4d4-882dcdc3fa57",
              "isHook": false,
              "skipped": false
            },
            {
              "title": "deletes a blog post",
              "fullTitle": "Blog Platform deletes a blog post",
              "timedOut": null,
              "duration": 749,
              "state": "passed",
              "speed": "fast",
              "pass": true,
              "fail": false,
              "pending": false,
              "context": null,
              "code": "cy.contains('button', 'Delete').first().click();\n// Optional: add a wait or confirmation check if your backend is slow\ncy.wait(500);\ncy.contains('td', 'Updated Blog Title').should('not.exist');",
              "err": {},
              "uuid": "1790abc3-c14e-49cd-8221-9035f8b7d731",
              "parentUUID": "438a417f-45e8-4bf2-a4d4-882dcdc3fa57",
              "isHook": false,
              "skipped": false
            }
          ],
          "suites": [],
          "passes": [
            "5d687f2d-4414-4257-b29c-d7fb42fd47b2",
            "e95b447e-681a-4d74-b26c-1a8d0341ec3b",
            "64a96182-d8cd-498e-b504-f81d133aeece",
            "96ba2659-432a-4fe9-903a-867a74bf0d36",
            "1790abc3-c14e-49cd-8221-9035f8b7d731"
          ],
          "failures": [],
          "pending": [],
          "skipped": [],
          "duration": 3770,
          "root": false,
          "rootEmpty": false,
          "_timeout": 2000
        }
      ],
      "passes": [],
      "failures": [],
      "pending": [],
      "skipped": [],
      "duration": 0,
      "root": true,
      "rootEmpty": true,
      "_timeout": 2000
    }
  ],
  "meta": {
    "mocha": {
      "version": "7.2.0"
    },
    "mochawesome": {
      "options": {
        "quiet": false,
        "reportFilename": "mochawesome",
        "saveHtml": true,
        "saveJson": true,
        "consoleReporter": "spec",
        "useInlineDiffs": false,
        "code": true
      },
      "version": "7.1.3"
    },
    "marge": {
      "options": {
        "reportDir": "cypress/reports",
        "overwrite": true,
        "html": true,
        "json": true
      },
      "version": "6.2.0"
    }
  }
}