{
  "stats": {
    "suites": 1,
    "tests": 5,
    "passes": 5,
    "pending": 0,
    "failures": 0,
    "start": "2025-05-11T17:12:06.333Z",
    "end": "2025-05-11T17:12:10.520Z",
    "duration": 4187,
    "testsRegistered": 5,
    "passPercent": 100,
    "pendingPercent": 0,
    "other": 0,
    "hasOther": false,
    "skipped": 0,
    "hasSkipped": false
  },
  "results": [
    {
      "uuid": "d7554ff2-5064-4ced-90ec-a00cc8676adc",
      "title": "",
      "fullFile": "cypress/e2e/view.cy.ts",
      "file": "cypress/e2e/view.cy.ts",
      "beforeHooks": [],
      "afterHooks": [],
      "tests": [],
      "suites": [
        {
          "uuid": "522bac27-8187-47f8-b79e-d90b4225205f",
          "title": "Blog Platform",
          "fullFile": "",
          "file": "",
          "beforeHooks": [],
          "afterHooks": [],
          "tests": [
            {
              "title": "renders the form and table container",
              "fullTitle": "Blog Platform renders the form and table container",
              "timedOut": null,
              "duration": 351,
              "state": "passed",
              "speed": "fast",
              "pass": true,
              "fail": false,
              "pending": false,
              "context": null,
              "code": "cy.get('form#blog-form').should('exist');\ncy.get('#table-container').should('exist');\ncy.contains('Create a New Blog');",
              "err": {},
              "uuid": "3ba71a7d-792f-402c-a267-3341c57a7523",
              "parentUUID": "522bac27-8187-47f8-b79e-d90b4225205f",
              "isHook": false,
              "skipped": false
            },
            {
              "title": "validates required fields in the form",
              "fullTitle": "Blog Platform validates required fields in the form",
              "timedOut": null,
              "duration": 299,
              "state": "passed",
              "speed": "fast",
              "pass": true,
              "fail": false,
              "pending": false,
              "context": null,
              "code": "cy.get('#form-button').click();\ncy.get('#title:invalid').should('exist');\ncy.get('#description:invalid').should('exist');\ncy.get('#slug:invalid').should('exist');\ncy.get('#creator:invalid').should('exist');",
              "err": {},
              "uuid": "a133ceae-6d00-4c0a-af81-5ed7df86803e",
              "parentUUID": "522bac27-8187-47f8-b79e-d90b4225205f",
              "isHook": false,
              "skipped": false
            },
            {
              "title": "creates a new blog post",
              "fullTitle": "Blog Platform creates a new blog post",
              "timedOut": null,
              "duration": 1720,
              "state": "passed",
              "speed": "fast",
              "pass": true,
              "fail": false,
              "pending": false,
              "context": null,
              "code": "const blog = {\n    title: 'Cypress Test Blog',\n    description: 'This is a blog post created by Cypress.',\n    slug: 'cypress-blog',\n    creator: 'CypressBot',\n};\ncy.get('#title').type(blog.title);\ncy.get('#description').type(blog.description);\ncy.get('#slug').type(blog.slug);\ncy.get('#creator').type(blog.creator);\ncy.get('#form-button').click();\n// Check that the new blog appears in the table\ncy.contains('td', blog.title).should('exist');\ncy.contains('td', blog.description).should('exist');\ncy.contains('td', blog.creator).should('exist');",
              "err": {},
              "uuid": "ff7eabb9-f8e3-4caf-9ef4-775eef5970e5",
              "parentUUID": "522bac27-8187-47f8-b79e-d90b4225205f",
              "isHook": false,
              "skipped": false
            },
            {
              "title": "edits an existing blog post",
              "fullTitle": "Blog Platform edits an existing blog post",
              "timedOut": null,
              "duration": 771,
              "state": "passed",
              "speed": "fast",
              "pass": true,
              "fail": false,
              "pending": false,
              "context": null,
              "code": "cy.contains('button', 'Edit').first().click();\ncy.get('#title').clear().type('Updated Blog Title');\ncy.get('#form-button').click();\ncy.contains('td', 'Updated Blog Title').should('exist');",
              "err": {},
              "uuid": "977cece4-834b-4cc2-8920-10a4d8447a6a",
              "parentUUID": "522bac27-8187-47f8-b79e-d90b4225205f",
              "isHook": false,
              "skipped": false
            },
            {
              "title": "deletes a blog post",
              "fullTitle": "Blog Platform deletes a blog post",
              "timedOut": null,
              "duration": 761,
              "state": "passed",
              "speed": "fast",
              "pass": true,
              "fail": false,
              "pending": false,
              "context": null,
              "code": "cy.contains('button', 'Delete').first().click();\n// Optional: add a wait or confirmation check if your backend is slow\ncy.wait(500);\ncy.contains('td', 'Updated Blog Title').should('not.exist');",
              "err": {},
              "uuid": "548ed3e7-debf-48e1-952b-92d3ac51a21c",
              "parentUUID": "522bac27-8187-47f8-b79e-d90b4225205f",
              "isHook": false,
              "skipped": false
            }
          ],
          "suites": [],
          "passes": [
            "3ba71a7d-792f-402c-a267-3341c57a7523",
            "a133ceae-6d00-4c0a-af81-5ed7df86803e",
            "ff7eabb9-f8e3-4caf-9ef4-775eef5970e5",
            "977cece4-834b-4cc2-8920-10a4d8447a6a",
            "548ed3e7-debf-48e1-952b-92d3ac51a21c"
          ],
          "failures": [],
          "pending": [],
          "skipped": [],
          "duration": 3902,
          "root": false,
          "rootEmpty": false,
          "_timeout": 2000
        }
      ],
      "passes": [],
      "failures": [],
      "pending": [],
      "skipped": [],
      "duration": 0,
      "root": true,
      "rootEmpty": true,
      "_timeout": 2000
    }
  ],
  "meta": {
    "mocha": {
      "version": "7.2.0"
    },
    "mochawesome": {
      "options": {
        "quiet": false,
        "reportFilename": "mochawesome",
        "saveHtml": true,
        "saveJson": true,
        "consoleReporter": "spec",
        "useInlineDiffs": false,
        "code": true
      },
      "version": "7.1.3"
    },
    "marge": {
      "options": {
        "reportDir": "cypress/reports",
        "overwrite": false,
        "html": true,
        "json": true
      },
      "version": "6.2.0"
    }
  }
}