{
  "stats": {
    "suites": 1,
    "tests": 5,
    "passes": 5,
    "pending": 0,
    "failures": 0,
    "start": "2025-05-11T17:11:34.258Z",
    "end": "2025-05-11T17:11:38.465Z",
    "duration": 4207,
    "testsRegistered": 5,
    "passPercent": 100,
    "pendingPercent": 0,
    "other": 0,
    "hasOther": false,
    "skipped": 0,
    "hasSkipped": false
  },
  "results": [
    {
      "uuid": "464c0ee5-a762-45b1-a9db-4ad2caf03f07",
      "title": "",
      "fullFile": "cypress/e2e/view.cy.ts",
      "file": "cypress/e2e/view.cy.ts",
      "beforeHooks": [],
      "afterHooks": [],
      "tests": [],
      "suites": [
        {
          "uuid": "bcb32680-58d4-4ded-9be3-9af5e3bb3fc6",
          "title": "Blog Platform",
          "fullFile": "",
          "file": "",
          "beforeHooks": [],
          "afterHooks": [],
          "tests": [
            {
              "title": "renders the form and table container",
              "fullTitle": "Blog Platform renders the form and table container",
              "timedOut": null,
              "duration": 280,
              "state": "passed",
              "speed": "fast",
              "pass": true,
              "fail": false,
              "pending": false,
              "context": null,
              "code": "cy.get('form#blog-form').should('exist');\ncy.get('#table-container').should('exist');\ncy.contains('Create a New Blog');",
              "err": {},
              "uuid": "c0b1a92b-8805-4a7b-9885-41e62e6f698f",
              "parentUUID": "bcb32680-58d4-4ded-9be3-9af5e3bb3fc6",
              "isHook": false,
              "skipped": false
            },
            {
              "title": "validates required fields in the form",
              "fullTitle": "Blog Platform validates required fields in the form",
              "timedOut": null,
              "duration": 233,
              "state": "passed",
              "speed": "fast",
              "pass": true,
              "fail": false,
              "pending": false,
              "context": null,
              "code": "cy.get('#form-button').click();\ncy.get('#title:invalid').should('exist');\ncy.get('#description:invalid').should('exist');\ncy.get('#slug:invalid').should('exist');\ncy.get('#creator:invalid').should('exist');",
              "err": {},
              "uuid": "74f993ea-75ef-400a-888b-ff07fa1b4b55",
              "parentUUID": "bcb32680-58d4-4ded-9be3-9af5e3bb3fc6",
              "isHook": false,
              "skipped": false
            },
            {
              "title": "creates a new blog post",
              "fullTitle": "Blog Platform creates a new blog post",
              "timedOut": null,
              "duration": 1809,
              "state": "passed",
              "speed": "fast",
              "pass": true,
              "fail": false,
              "pending": false,
              "context": null,
              "code": "const blog = {\n    title: 'Cypress Test Blog',\n    description: 'This is a blog post created by Cypress.',\n    slug: 'cypress-blog',\n    creator: 'CypressBot',\n};\ncy.get('#title').type(blog.title);\ncy.get('#description').type(blog.description);\ncy.get('#slug').type(blog.slug);\ncy.get('#creator').type(blog.creator);\ncy.get('#form-button').click();\n// Check that the new blog appears in the table\ncy.contains('td', blog.title).should('exist');\ncy.contains('td', blog.description).should('exist');\ncy.contains('td', blog.creator).should('exist');",
              "err": {},
              "uuid": "cc27bb65-8210-4665-b755-79280c855095",
              "parentUUID": "bcb32680-58d4-4ded-9be3-9af5e3bb3fc6",
              "isHook": false,
              "skipped": false
            },
            {
              "title": "edits an existing blog post",
              "fullTitle": "Blog Platform edits an existing blog post",
              "timedOut": null,
              "duration": 838,
              "state": "passed",
              "speed": "fast",
              "pass": true,
              "fail": false,
              "pending": false,
              "context": null,
              "code": "cy.contains('button', 'Edit').first().click();\ncy.get('#title').clear().type('Updated Blog Title');\ncy.get('#form-button').click();\ncy.contains('td', 'Updated Blog Title').should('exist');",
              "err": {},
              "uuid": "846b569f-30af-4b95-a227-d71b0c392600",
              "parentUUID": "bcb32680-58d4-4ded-9be3-9af5e3bb3fc6",
              "isHook": false,
              "skipped": false
            },
            {
              "title": "deletes a blog post",
              "fullTitle": "Blog Platform deletes a blog post",
              "timedOut": null,
              "duration": 763,
              "state": "passed",
              "speed": "fast",
              "pass": true,
              "fail": false,
              "pending": false,
              "context": null,
              "code": "cy.contains('button', 'Delete').first().click();\n// Optional: add a wait or confirmation check if your backend is slow\ncy.wait(500);\ncy.contains('td', 'Updated Blog Title').should('not.exist');",
              "err": {},
              "uuid": "5602237b-ed11-4211-b98a-c93bde88822e",
              "parentUUID": "bcb32680-58d4-4ded-9be3-9af5e3bb3fc6",
              "isHook": false,
              "skipped": false
            }
          ],
          "suites": [],
          "passes": [
            "c0b1a92b-8805-4a7b-9885-41e62e6f698f",
            "74f993ea-75ef-400a-888b-ff07fa1b4b55",
            "cc27bb65-8210-4665-b755-79280c855095",
            "846b569f-30af-4b95-a227-d71b0c392600",
            "5602237b-ed11-4211-b98a-c93bde88822e"
          ],
          "failures": [],
          "pending": [],
          "skipped": [],
          "duration": 3923,
          "root": false,
          "rootEmpty": false,
          "_timeout": 2000
        }
      ],
      "passes": [],
      "failures": [],
      "pending": [],
      "skipped": [],
      "duration": 0,
      "root": true,
      "rootEmpty": true,
      "_timeout": 2000
    }
  ],
  "meta": {
    "mocha": {
      "version": "7.2.0"
    },
    "mochawesome": {
      "options": {
        "quiet": false,
        "reportFilename": "mochawesome",
        "saveHtml": true,
        "saveJson": true,
        "consoleReporter": "spec",
        "useInlineDiffs": false,
        "code": true
      },
      "version": "7.1.3"
    },
    "marge": {
      "options": {
        "reportDir": "cypress/reports",
        "overwrite": false,
        "html": true,
        "json": true
      },
      "version": "6.2.0"
    }
  }
}